0 info it worked if it ends with ok
1 verbose cli [ 'C:\\Program Files\\nodejs\\node.exe',
1 verbose cli   'C:\\Users\\bagua\\AppData\\Roaming\\npm\\node_modules\\npm\\bin\\npm-cli.js',
1 verbose cli   'publish' ]
2 info using npm@4.1.1
3 info using node@v7.3.0
4 verbose publish [ '.' ]
5 silly cache add args [ '.', null ]
6 verbose cache add spec .
7 silly cache add parsed spec Result {
7 silly cache add   raw: '.',
7 silly cache add   scope: null,
7 silly cache add   escapedName: null,
7 silly cache add   name: null,
7 silly cache add   rawSpec: '.',
7 silly cache add   spec: 'C:\\GithubRepositories\\Node-School\\how-to-npm',
7 silly cache add   type: 'directory' }
8 verbose addLocalDirectory C:\Users\bagua\AppData\Roaming\npm-cache\@robert.peng\how-to-npm\1.0.0\package.tgz not in flight; packing
9 verbose correctMkdir C:\Users\bagua\AppData\Roaming\npm-cache correctMkdir not in flight; initializing
10 info lifecycle @robert.peng/how-to-npm@1.0.0~prepublish: @robert.peng/how-to-npm@1.0.0
11 silly lifecycle @robert.peng/how-to-npm@1.0.0~prepublish: no script for prepublish, continuing
12 info lifecycle @robert.peng/how-to-npm@1.0.0~prepare: @robert.peng/how-to-npm@1.0.0
13 silly lifecycle @robert.peng/how-to-npm@1.0.0~prepare: no script for prepare, continuing
14 verbose tar pack [ 'C:\\Users\\bagua\\AppData\\Roaming\\npm-cache\\@robert.peng\\how-to-npm\\1.0.0\\package.tgz',
14 verbose tar pack   'C:\\GithubRepositories\\Node-School\\how-to-npm' ]
15 verbose tarball C:\Users\bagua\AppData\Roaming\npm-cache\@robert.peng\how-to-npm\1.0.0\package.tgz
16 verbose folder C:\GithubRepositories\Node-School\how-to-npm
17 verbose addLocalTarball adding from inside cache C:\Users\bagua\AppData\Roaming\npm-cache\@robert.peng\how-to-npm\1.0.0\package.tgz
18 verbose correctMkdir C:\Users\bagua\AppData\Roaming\npm-cache correctMkdir not in flight; initializing
19 silly cache afterAdd @robert.peng/how-to-npm@1.0.0
20 verbose afterAdd C:\Users\bagua\AppData\Roaming\npm-cache\@robert.peng\how-to-npm\1.0.0\package\package.json not in flight; writing
21 verbose correctMkdir C:\Users\bagua\AppData\Roaming\npm-cache correctMkdir not in flight; initializing
22 verbose afterAdd C:\Users\bagua\AppData\Roaming\npm-cache\@robert.peng\how-to-npm\1.0.0\package\package.json written
23 silly publish { name: '@robert.peng/how-to-npm',
23 silly publish   version: '1.0.0',
23 silly publish   main: 'index.js',
23 silly publish   scripts: { test: 'node test.js' },
23 silly publish   author: '',
23 silly publish   repository:
23 silly publish    { type: 'git',
23 silly publish      url: 'git+https://github.com/Mr-Dai/Node-School.git' },
23 silly publish   license: 'ISC',
23 silly publish   description: 'My exercise code for `how-to-npm` from [Node School](https://nodeschool.io/).',
23 silly publish   dependencies: { '@linclark/pkg': '^1.0.2' },
23 silly publish   readme: '# How To NPM\r\n\r\nMy exercise code for `how-to-npm` from [Node School](https://nodeschool.io/).\r\n\r\n```bash\r\nnpm install -g how-to-npm\r\n```',
23 silly publish   readmeFilename: 'README.md',
23 silly publish   bugs: { url: 'https://github.com/Mr-Dai/Node-School/issues' },
23 silly publish   homepage: 'https://github.com/Mr-Dai/Node-School#readme',
23 silly publish   _id: '@robert.peng/how-to-npm@1.0.0',
23 silly publish   _shasum: '075ea94b1015c983ea197d611bc3edd01f848533',
23 silly publish   _from: '.' }
24 info lifecycle @robert.peng/how-to-npm@1.0.0~prepublishOnly: @robert.peng/how-to-npm@1.0.0
25 silly lifecycle @robert.peng/how-to-npm@1.0.0~prepublishOnly: no script for prepublishOnly, continuing
26 verbose getPublishConfig undefined
27 silly mapToRegistry name @robert.peng/how-to-npm
28 silly mapToRegistry scope (from package name) @robert.peng
29 verbose mapToRegistry no registry URL found in name for scope @robert.peng
30 silly mapToRegistry using default registry
31 silly mapToRegistry registry http://localhost:15443/
32 silly mapToRegistry data Result {
32 silly mapToRegistry   raw: '@robert.peng/how-to-npm',
32 silly mapToRegistry   scope: '@robert.peng',
32 silly mapToRegistry   escapedName: '@robert.peng%2fhow-to-npm',
32 silly mapToRegistry   name: '@robert.peng/how-to-npm',
32 silly mapToRegistry   rawSpec: '',
32 silly mapToRegistry   spec: 'latest',
32 silly mapToRegistry   type: 'tag' }
33 silly mapToRegistry uri http://localhost:15443/@robert.peng%2fhow-to-npm
34 verbose publish registryBase http://localhost:15443/
35 silly publish uploading C:\Users\bagua\AppData\Roaming\npm-cache\@robert.peng\how-to-npm\1.0.0\package.tgz
36 verbose request uri http://localhost:15443/@robert.peng%2fhow-to-npm
37 verbose request sending authorization for write operation
38 info attempt registry request try #1 at 07:38:25
39 verbose request id 14d12da592cf931e
40 http request PUT http://localhost:15443/@robert.peng%2fhow-to-npm
41 http 404 http://localhost:15443/@robert.peng%2fhow-to-npm
42 verbose headers { 'content-type': 'application/json',
42 verbose headers   date: 'Fri, 13 Jan 2017 23:38:25 GMT',
42 verbose headers   connection: 'keep-alive',
42 verbose headers   'content-length': '19' }
43 verbose request invalidating C:\Users\bagua\AppData\Roaming\npm-cache\localhost_15443\_40robert.peng_252fhow-to-npm on PUT
44 error publish Failed PUT 404
45 verbose stack Error: missing : @robert.peng/how-to-npm
45 verbose stack     at makeError (C:\Users\bagua\AppData\Roaming\npm\node_modules\npm\node_modules\npm-registry-client\lib\request.js:304:12)
45 verbose stack     at CachingRegistryClient.<anonymous> (C:\Users\bagua\AppData\Roaming\npm\node_modules\npm\node_modules\npm-registry-client\lib\request.js:292:14)
45 verbose stack     at Request._callback (C:\Users\bagua\AppData\Roaming\npm\node_modules\npm\node_modules\npm-registry-client\lib\request.js:212:14)
45 verbose stack     at Request.self.callback (C:\Users\bagua\AppData\Roaming\npm\node_modules\npm\node_modules\request\request.js:186:22)
45 verbose stack     at emitTwo (events.js:106:13)
45 verbose stack     at Request.emit (events.js:191:7)
45 verbose stack     at Request.<anonymous> (C:\Users\bagua\AppData\Roaming\npm\node_modules\npm\node_modules\request\request.js:1081:10)
45 verbose stack     at emitOne (events.js:96:13)
45 verbose stack     at Request.emit (events.js:188:7)
45 verbose stack     at IncomingMessage.<anonymous> (C:\Users\bagua\AppData\Roaming\npm\node_modules\npm\node_modules\request\request.js:1001:12)
46 verbose statusCode 404
47 verbose pkgid @robert.peng/how-to-npm
48 verbose cwd C:\GithubRepositories\Node-School\how-to-npm
49 error Windows_NT 10.0.14393
50 error argv "C:\\Program Files\\nodejs\\node.exe" "C:\\Users\\bagua\\AppData\\Roaming\\npm\\node_modules\\npm\\bin\\npm-cli.js" "publish"
51 error node v7.3.0
52 error npm  v4.1.1
53 error code E404
54 error 404 missing : @robert.peng/how-to-npm
55 error 404
56 error 404 '@robert.peng/how-to-npm' is not in the npm registry.
57 error 404 You should bug the author to publish it (or use the name yourself!)
58 error 404 Note that you can also install from a
59 error 404 tarball, folder, http url, or git url.
60 verbose exit [ 1, true ]
